<?xml version="1.0" encoding="UTF-8"?>
<testsuite name="JSONSerializableTest.JsonsSerializerTest" tests="1" skipped="0" failures="0" errors="0" timestamp="2019-07-06T13:42:10" hostname="LAPTOP-FDQ37AOL" time="0.01">
  <properties/>
  <testcase name="testSerialization" classname="JSONSerializableTest.JsonsSerializerTest" time="0.01"/>
  <system-out><![CDATA[]]></system-out>
  <system-err><![CDATA[]]></system-err>
</testsuite>
